[INFO  - 2016-09-14T11:27:41.743Z] GhostDriver - Main - running on port 52245
[INFO  - 2016-09-14T11:27:42.047Z] Session [4004dab0-7a6e-11e6-978e-8bc4368b481f] - page.settings - {"XSSAuditingEnabled":false,"javascriptCanCloseWindows":true,"javascriptCanOpenWindows":true,"javascriptEnabled":true,"loadImages":true,"localToRemoteUrlAccessEnabled":false,"userAgent":"Mozilla/5.0 (Macintosh; Intel Mac OS X) AppleWebKit/538.1 (KHTML, like Gecko) PhantomJS/2.1.1 Safari/538.1","webSecurityEnabled":true}
[INFO  - 2016-09-14T11:27:42.047Z] Session [4004dab0-7a6e-11e6-978e-8bc4368b481f] - page.customHeaders:  - {}
[INFO  - 2016-09-14T11:27:42.047Z] Session [4004dab0-7a6e-11e6-978e-8bc4368b481f] - Session.negotiatedCapabilities - {"browserName":"phantomjs","version":"2.1.1","driverName":"ghostdriver","driverVersion":"1.2.0","platform":"mac-10.11 (El Capitan)-64bit","javascriptEnabled":true,"takesScreenshot":true,"handlesAlerts":false,"databaseEnabled":false,"locationContextEnabled":false,"applicationCacheEnabled":false,"browserConnectionEnabled":false,"cssSelectorsEnabled":true,"webStorageEnabled":false,"rotatable":false,"acceptSslCerts":false,"nativeEvents":true,"proxy":{"proxyType":"direct"}}
[INFO  - 2016-09-14T11:27:42.047Z] SessionManagerReqHand - _postNewSessionCommand - New Session Created: 4004dab0-7a6e-11e6-978e-8bc4368b481f
[INFO  - 2016-09-14T11:32:41.754Z] SessionManagerReqHand - _cleanupWindowlessSessions - Asynchronous Sessions clean-up phase starting NOW
[INFO  - 2016-09-14T11:37:41.766Z] SessionManagerReqHand - _cleanupWindowlessSessions - Asynchronous Sessions clean-up phase starting NOW
[INFO  - 2016-09-14T11:42:41.777Z] SessionManagerReqHand - _cleanupWindowlessSessions - Asynchronous Sessions clean-up phase starting NOW
[INFO  - 2016-09-14T11:45:12.396Z] SessionManagerReqHand - _cleanupWindowlessSessions - Asynchronous Sessions clean-up phase starting NOW
-11e6-b3d8-476bc17a5e9d] - page.onError - stack:
  B (http://static.chartbeat.com/js/chartbeat.js:13)
  kb (http://static.chartbeat.com/js/chartbeat.js:38)
  q (http://static.chartbeat.com/js/chartbeat.js:33)
  q (http://static.chartbeat.com/js/chartbeat.js:44)
  (anonymous function) (http://static.chartbeat.com/js/chartbeat.js:8)
  Ra (http://static.chartbeat.com/js/chartbeat.js:21)
  T (http://static.chartbeat.com/js/chartbeat.js:32)
  V (http://static.chartbeat.com/js/chartbeat.js:43)
  (anonymous function) (http://static.chartbeat.com/js/chartbeat.js:48)

  phantomjs://platfo[INFO  - 2016-09-14T11:33:47.[INFO  - 2016-09-14T11:37:45.258Z] SessionManagerReqHand - _cleanupWindowlessSessions - Asynchronous Sessions[INFO  - 2016-09-14T11:38:47.[INFO  - 2016-09-14T11:42:45.270Z] SessionManagerReqHand - _cleanupWindowlessSessions - Asynchronous Sessions[INFO  - 2016-09-14T11:43:47.662Z] SessionManagerReqHand - _cleanupWindowlessSessions - Asynchronous Sessions clean-up phase starting NOW
//www.gannett-cdn.com/uxstatic/usatoday/usat-web-static-2503.0/jsb/main.min.js:17)
  (anonymous function) (:0)
  _positionContent (http://www.gannett-cdn.com/uxstatic/usatoday/usat-web-static-2503.0/jsb/main.min.js:12)
  moveContentToPosition (http://www.gannett-cdn.com/uxstatic/usatoday/usat-web-static-2503.0/jsb/main.min.js:12)
  shiftContent (http://www.gannett-cdn.com/uxstatic/usatoday/usat-web-static-2503.0/jsb/main.min.js:11)
  refresh (http://www.gannett-cdn.com/uxstatic/usatoday/usat-web-static-2503.0/jsb/main.min.js:11)
  _recalculateScrollBar (http://www.gannett-cdn.com/uxstatic/usatoday/usat-web-static-2503.0/jsb/main.min.js:17)
  (anonymous function) (:0)
  r (http://www.gannett-cdn.com/uxstatic/usatoday/usat-web-static-2503.0/jsb/main.min.js:4)

  phantomjs://platform/console++.js:263 in error
[ERROR - 2016-09-14T11:27:46.981Z] Session [38874840-7a6e-11e6-b8cf-23af887a99c5] - page.onError - msg: TypeError: undefined is not an object (evaluating 'this.$sidebarScrollableTitles.length')

  phantomjs://platform/console++.js:263 in error
[ERROR - 2016-09-14T11:27:46.985Z] Session [38874840-7a6e-11e6-b8cf-23af887a99c5] - page.onError - stack:
  onScroll (http://www.gannett-cdn.com/uxstatic/usatoday/usat-web-static-2503.0/jsb/main.min.js:17)
  (anonymous function) (:0)
  _positionContent (http://www.gannett-cdn.com/uxstatic/usatoday/usat-web-static-2503.0/jsb/main.min.js:12)
  moveContentToPosition (http://www.gannett-cdn.com/uxstatic/usatoday/usat-web-static-2503.0/jsb/main.min.js:12)
  shiftContent (http://www.gannett-cdn.com/uxstatic/usatoday/usat-web-static-2503.0/jsb/main.min.js:11)
  refresh (http://www.gannett-cdn.com/uxstatic/usatoday/usat-web-static-2503.0/jsb/main.min.js:11)
  _recalculateScrollBar (http://www.gannett-cdn.com/uxstatic/usatoday/usat-web-static-2503.0/jsb/main.min.js:17)
  (anonymous function) (:0)
  r (http://www.gannett-cdn.com/uxstatic/usatoday/usat-web-static-2503.0/jsb/main.min.js:4)

  phantomjs://platform/console++.js:263 in error
[ERROR - 2016-09-14T11:28:10.877Z] Session [38874840-7a6e-11e6-b8cf-23af887a99c5] - page.onError - msg: TypeError: undefined is not an object (evaluating 'this.$sidebarScrollableTitles.length')

  phantomjs://platform/console++.js:263 in error
[ERROR - 2016-09-14T11:28:10.877Z] Session [38874840-7a6e-11e6-b8cf-23af887a99c5] - page.onError - stack:
  onScroll (http://www.gannett-cdn.com/uxstatic/usatoday/usat-web-static-2503.0/jsb/main.min.js:17)
  (anonymous function) (:0)
  _positionContent (http://www.gannett-cdn.com/uxstatic/usatoday/usat-web-static-2503.0/jsb/main.min.js:12)
  moveContentToPosition (http://www.gannett-cdn.com/uxstatic/usatoday/usat-web-static-2503.0/jsb/main.min.js:12)
  shiftContent (http://www.gannett-cdn.com/uxstatic/usatoday/usat-web-static-2503.0/jsb/main.min.js:11)
  refresh (http://www.gannett-cdn.com/uxstatic/usatoday/usat-web-static-2503.0/jsb/main.min.js:11)
  _recalculateScrollBar (http://www.gannett-cdn.com/uxstatic/usatoday/usat-web-static-2503.0/jsb/main.min.js:17)
  (anonymous function) (:0)
  r (http://www.gannett-cdn.com/uxstatic/usatoday/usat-web-static-2503.0/jsb/main.min.js:4)

  phantomjs://platform/console++.js:263 in error
[ERROR - 2016-09-14T11:28:40.892Z] Session [38874840-7a6e-11e6-b8cf-23af887a99c5] - page.onError - msg: TypeError: undefined is not an object (evaluating 'this.$sidebarScrollableTitles.length')

  phantomjs://platform/console++.js:263 in error
[ERROR - 2016-09-14T11:28:40.892Z] Session [38874840-7a6e-11e6-b8cf-23af887a99c5] - page.onError - stack:
  onScroll (http://www.gannett-cdn.com/uxstatic/usatoday/usat-web-static-2503.0/jsb/main.min.js:17)
  (anonymous function) (:0)
  _positionContent (http://www.gannett-cdn.com/uxstatic/usatoday/usat-web-static-2503.0/jsb/main.min.js:12)
  moveContentToPosition (http://www.gannett-cdn.com/uxstatic/usatoday/usat-web-static-2503.0/jsb/main.min.js:12)
  shiftContent (http://www.gannett-cdn.com/uxstatic/usatoday/usat-web-static-2503.0/jsb/main.min.js:11)
  refresh (http://www.gannett-cdn.com/uxstatic/usatoday/usat-web-static-2503.0/jsb/main.min.js:11)
  _recalculateScrollBar (http://www.gannett-cdn.com/uxstatic/usatoday/usat-web-static-2503.0/jsb/main.min.js:17)
  (anonymous function) (:0)
  r (http://www.gannett-cdn.com/uxstatic/usatoday/usat-web-static-2503.0/jsb/main.min.js:4)

  phantomjs://platform/console++.js:263 in error
[ERROR - 2016-09-14T11:29:10.868Z] Session [38874840-7a6e-11e6-b8cf-23af887a99c5] - page.onError - msg: TypeError: undefined is not an object (evaluating 'this.$sidebarScrollableTitles.length')

  phantomjs://platform/console++.js:263 in error
[ERROR - 2016-09-14T11:29:10.868Z] Session [38874840-7a6e-11e6-b8cf-23af887a99c5] - page.onError - stack:
  onScroll (http://www.gannett-cdn.com/uxstatic/usatoday/usat-web-static-2503.0/jsb/main.min.js:17)
  (anonymous function) (:0)
  _positionContent (http://www.gannett-cdn.com/uxstatic/usatoday/usat-web-static-2503.0/jsb/main.min.js:12)
  moveContentToPosition (http://www.gannett-cdn.com/uxstatic/usatoday/usat-web-static-2503.0/jsb/main.min.js:12)
  shiftContent (http://www.gannett-cdn.com/uxstatic/usatoday/usat-web-static-2503.0/jsb/main.min.js:11)
  refresh (http://www.gannett-cdn.com/uxstatic/usatoday/usat-web-static-2503.0/jsb/main.min.js:11)
  _recalculateScrollBar (http://www.gannett-cdn.com/uxstatic/usatoday/usat-web-static-2503.0/jsb/main.min.js:17)
  (anonymous function) (:0)
  r (http://www.gannett-cdn.com/uxstatic/usatoday/usat-web-static-2503.0/jsb/main.min.js:4)

  phantomjs://platform/console++.js:263 in error
[ERROR - 2016-09-14T11:29:40.859Z] Session [38874840-7a6e-11e6-b8cf-23af887a99c5] - page.onError - msg: TypeError: undefined is not an object (evaluating 'this.$sidebarScrollableTitles.length')

  phantomjs://platform/console++.js:263 in error
[ERROR - 2016-09-14T11:29:40.859Z] Session [38874840-7a6e-11e6-b8cf-23af887a99c5] - page.onError - stack:
  onScroll (http://www.gannett-cdn.com/uxstatic/usatoday/usat-web-static-2503.0/jsb/main.min.js:17)
  (anonymous function) (:0)
  _positionContent (http://www.gannett-cdn.com/uxstatic/usatoday/usat-web-static-2503.0/jsb/main.min.js:12)
  moveContentToPosition (http://www.gannett-cdn.com/uxstatic/usatoday/usat-web-static-2503.0/jsb/main.min.js:12)
  shiftContent (http://www.gannett-cdn.com/uxstatic/usatoday/usat-web-static-2503.0/jsb/main.min.js:11)
  refresh (http://www.gannett-cdn.com/uxstatic/usatoday/usat-web-static-2503.0/jsb/main.min.js:11)
  _recalculateScrollBar (http://www.gannett-cdn.com/uxstatic/usatoday/usat-web-static-2503.0/jsb/main.min.js:17)
  (anonymous function) (:0)
  r (http://www.gannett-cdn.com/uxstatic/usatoday/usat-web-static-2503.0/jsb/main.min.js:4)

  phantomjs://platform/console++.js:263 in error
[ERROR - 2016-09-14T11:30:10.858Z] Session [38874840-7a6e-11e6-b8cf-23af887a99c5] - page.onError - msg: TypeError: undefined is not an object (evaluating 'this.$sidebarScrollableTitles.length')

  phantomjs://platform/console++.js:263 in error
[ERROR - 2016-09-14T11:30:10.858Z] Session [38874840-7a6e-11e6-b8cf-23af887a99c5] - page.onError - stack:
  onScroll (http://www.gannett-cdn.com/uxstatic/usatoday/usat-web-static-2503.0/jsb/main.min.js:17)
  (anonymous function) (:0)
  _positionContent (http://www.gannett-cdn.com/uxstatic/usatoday/usat-web-static-2503.0/jsb/main.min.js:12)
  moveContentToPosition (http://www.gannett-cdn.com/uxstatic/usatoday/usat-web-static-2503.0/jsb/main.min.js:12)
  shiftContent (http://www.gannett-cdn.com/uxstatic/usatoday/usat-web-static-2503.0/jsb/main.min.js:11)
  refresh (http://www.gannett-cdn.com/uxstatic/usatoday/usat-web-static-2503.0/jsb/main.min.js:11)
  _recalculateScrollBar (http://www.gannett-cdn.com/uxstatic/usatoday/usat-web-static-2503.0/jsb/main.min.js:17)
  (anonymous function) (:0)
  r (http://www.gannett-cdn.com/uxstatic/usatoday/usat-web-static-2503.0/jsb/main.min.js:4)

  phantomjs://platform/console++.js:263 in error
[ERROR - 2016-09-14T11:30:40.862Z] Session [38874840-7a6e-11e6-b8cf-23af887a99c5] - page.onError - msg: TypeError: undefined is not an object (evaluating 'this.$sidebarScrollableTitles.length')

  phantomjs://platform/console++.js:263 in error
[ERROR - 2016-09-14T11:30:40.862Z] Session [38874840-7a6e-11e6-b8cf-23af887a99c5] - page.onError - stack:
  onScroll (http://www.gannett-cdn.com/uxstatic/usatoday/usat-web-static-2503.0/jsb/main.min.js:17)
  (anonymous function) (:0)
  _positionContent (http://www.gannett-cdn.com/uxstatic/usatoday/usat-web-static-2503.0/jsb/main.min.js:12)
  moveContentToPosition (http://www.gannett-cdn.com/uxstatic/usatoday/usat-web-static-2503.0/jsb/main.min.js:12)
  shiftContent (http://www.gannett-cdn.com/uxstatic/usatoday/usat-web-static-2503.0/jsb/main.min.js:11)
  refresh (http://www.gannett-cdn.com/uxstatic/usatoday/usat-web-static-2503.0/jsb/main.min.js:11)
  _recalculateScrollBar (http://www.gannett-cdn.com/uxstatic/usatoday/usat-web-static-2503.0/jsb/main.min.js:17)
  (anonymous function) (:0)
  r (http://www.gannett-cdn.com/uxstatic/usatoday/usat-web-static-2503.0/jsb/main.min.js:4)

  phantomjs://platform/console++.js:263 in error
[ERROR - 2016-09-14T11:31:10.997Z] Session [38874840-7a6e-11e6-b8cf-23af887a99c5] - page.onError - msg: TypeError: undefined is not an object (evaluating 'this.$sidebarScrollableTitles.length')

  phantomjs://platform/console++.js:263 in error
[ERROR - 2016-09-14T11:31:10.997Z] Session [38874840-7a6e-11e6-b8cf-23af887a99c5] - page.onError - stack:
  onScroll (http://www.gannett-cdn.com/uxstatic/usatoday/usat-web-static-2503.0/jsb/main.min.js:17)
  (anonymous function) (:0)
  _positionContent (http://www.gannett-cdn.com/uxstatic/usatoday/usat-web-static-2503.0/jsb/main.min.js:12)
  moveContentToPosition (http://www.gannett-cdn.com/uxstatic/usatoday/usat-web-static-2503.0/jsb/main.min.js:12)
  shiftContent (http://www.gannett-cdn.com/uxstatic/usatoday/usat-web-static-2503.0/jsb/main.min.js:11)
  refresh (http://www.gannett-cdn.com/uxstatic/usatoday/usat-web-static-2503.0/jsb/main.min.js:11)
  _recalculateScrollBar (http://www.gannett-cdn.com/uxstatic/usatoday/usat-web-static-2503.0/jsb/main.min.js:17)
  (anonymous function) (:0)
  r (http://www.gannett-cdn.com/uxstatic/usatoday/usat-web-static-2503.0/jsb/main.min.js:4)

  phantomjs://platform/console++.js:263 in error
[ERROR - 2016-09-14T11:31:40.858Z] Session [38874840-7a6e-11e6-b8cf-23af887a99c5] - page.onError - msg: TypeError: undefined is not an object (evaluating 'this.$sidebarScrollableTitles.length')

  phantomjs://platform/console++.js:263 in error
[ERROR - 2016-09-14T11:31:40.858Z] Session [38874840-7a6e-11e6-b8cf-23af887a99c5] - page.onError - stack:
  onScroll (http://www.gannett-cdn.com/uxstatic/usatoday/usat-web-static-2503.0/jsb/main.min.js:17)
  (anonymous function) (:0)
  _positionContent (http://www.gannett-cdn.com/uxstatic/usatoday/usat-web-static-2503.0/jsb/main.min.js:12)
  moveContentToPosition (http://www.gannett-cdn.com/uxstatic/usatoday/usat-web-static-2503.0/jsb/main.min.js:12)
  shiftContent (http://www.gannett-cdn.com/uxstatic/usatoday/usat-web-static-2503.0/jsb/main.min.js:11)
  refresh (http://www.gannett-cdn.com/uxstatic/usatoday/usat-web-static-2503.0/jsb/main.min.js:11)
  _recalculateScrollBar (http://www.gannett-cdn.com/uxstatic/usatoday/usat-web-static-2503.0/jsb/main.min.js:17)
  (anonymous function) (:0)
  r (http://www.gannett-cdn.com/uxstatic/usatoday/usat-web-static-2503.0/jsb/main.min.js:4)

  phantomjs://platform/console++.js:263 in error
[ERROR - 2016-09-14T11:32:10.908Z] Session [38874840-7a6e-11e6-b8cf-23af887a99c5] - page.onError - msg: TypeError: undefined is not an object (evaluating 'this.$sidebarScrollableTitles.length')

  phantomjs://platform/console++.js:263 in error
[ERROR - 2016-09-14T11:32:10.908Z] Session [38874840-7a6e-11e6-b8cf-23af887a99c5] - page.onError - stack:
  onScroll (http://www.gannett-cdn.com/uxstatic/usatoday/usat-web-static-2503.0/jsb/main.min.js:17)
  (anonymous function) (:0)
  _positionContent (http://www.gannett-cdn.com/uxstatic/usatoday/usat-web-static-2503.0/jsb/main.min.js:12)
  moveContentToPosition (http://www.gannett-cdn.com/uxstatic/usatoday/usat-web-static-2503.0/jsb/main.min.js:12)
  shiftContent (http://www.gannett-cdn.com/uxstatic/usatoday/usat-web-static-2503.0/jsb/main.min.js:11)
  refresh (http://www.gannett-cdn.com/uxstatic/usatoday/usat-web-static-2503.0/jsb/main.min.js:11)
  _recalculateScrollBar (http://www.gannett-cdn.com/uxstatic/usatoday/usat-web-static-2503.0/jsb/main.min.js:17)
  (anonymous function) (:0)
  r (http://www.gannett-cdn.com/uxstatic/usatoday/usat-web-static-2503.0/jsb/main.min.js:4)

  phantomjs://platform/console++.js:263 in error
[INFO  - 2016-09-14T11:32:29.270Z] SessionManagerReqHand - _cleanupWindowlessSessions - Asynchronous Sessions clean-up phase starting NOW
[ERROR - 2016-09-14T11:32:40.873Z] Session [38874840-7a6e-11e6-b8cf-23af887a99c5] - page.onError - msg: TypeError: undefined is not an object (evaluating 'this.$sidebarScrollableTitles.length')

  phantomjs://platform/console++.js:263 in error
[ERROR - 2016-09-14T11:32:40.873Z] Session [38874840-7a6e-11e6-b8cf-23af887a99c5] - page.onError - stack:
  onScroll (http://www.gannett-cdn.com/uxstatic/usatoday/usat-web-static-2503.0/jsb/main.min.js:17)
  (anonymous function) (:0)
  _positionContent (http://www.gannett-cdn.com/uxstatic/usatoday/usat-web-static-2503.0/jsb/main.min.js:12)
  moveContentToPosition (http://www.gannett-cdn.com/uxstatic/usatoday/usat-web-static-2503.0/jsb/main.min.js:12)
  shiftContent (http://www.gannett-cdn.com/uxstatic/usatoday/usat-web-static-2503.0/jsb/main.min.js:11)
  refresh (http://www.gannett-cdn.com/uxstatic/usatoday/usat-web-static-2503.0/jsb/main.min.js:11)
  _recalculateScrollBar (http://www.gannett-cdn.com/uxstatic/usatoday/usat-web-static-2503.0/jsb/main.min.js:17)
  (anonymous function) (:0)
  r (http://www.gannett-cdn.com/uxstatic/usatoday/usat-web-static-2503.0/jsb/main.min.js:4)

  phantomjs://platform/console++.js:263 in error
[ERROR - 2016-09-14T11:33:10.984Z] Session [38874840-7a6e-11e6-b8cf-23af887a99c5] - page.onError - msg: TypeError: undefined is not an object (evaluating 'this.$sidebarScrollableTitles.length')

  phantomjs://platform/console++.js:263 in error
[ERROR - 2016-09-14T11:33:10.984Z] Session [38874840-7a6e-11e6-b8cf-23af887a99c5] - page.onError - stack:
  onScroll (http://www.gannett-cdn.com/uxstatic/usatoday/usat-web-static-2503.0/jsb/main.min.js:17)
  (anonymous function) (:0)
  _positionContent (http://www.gannett-cdn.com/uxstatic/usatoday/usat-web-static-2503.0/jsb/main.min.js:12)
  moveContentToPosition (http://www.gannett-cdn.com/uxstatic/usatoday/usat-web-static-2503.0/jsb/main.min.js:12)
  shiftContent (http://www.gannett-cdn.com/uxstatic/usatoday/usat-web-static-2503.0/jsb/main.min.js:11)
  refresh (http://www.gannett-cdn.com/uxstatic/usatoday/usat-web-static-2503.0/jsb/main.min.js:11)
  _recalculateScrollBar (http://www.gannett-cdn.com/uxstatic/usatoday/usat-web-static-2503.0/jsb/main.min.js:17)
  (anonymous function) (:0)
  r (http://www.gannett-cdn.com/uxstatic/usatoday/usat-web-static-2503.0/jsb/main.min.js:4)

  phantomjs://platform/console++.js:263 in error
[ERROR - 2016-09-14T11:33:40.871Z] Session [38874840-7a6e-11e6-b8cf-23af887a99c5] - page.onError - msg: TypeError: undefined is not an object (evaluating 'this.$sidebarScrollableTitles.length')

  phantomjs://platform/console++.js:263 in error
[ERROR - 2016-09-14T11:33:40.871Z] Session [38874840-7a6e-11e6-b8cf-23af887a99c5] - page.onError - stack:
  onScroll (http://www.gannett-cdn.com/uxstatic/usatoday/usat-web-static-2503.0/jsb/main.min.js:17)
  (anonymous function) (:0)
  _positionContent (http://www.gannett-cdn.com/uxstatic/usatoday/usat-web-static-2503.0/jsb/main.min.js:12)
  moveContentToPosition (http://www.gannett-cdn.com/uxstatic/usatoday/usat-web-static-2503.0/jsb/main.min.js:12)
  shiftContent (http://www.gannett-cdn.com/uxstatic/usatoday/usat-web-static-2503.0/jsb/main.min.js:11)
  refresh (http://www.gannett-cdn.com/uxstatic/usatoday/usat-web-static-2503.0/jsb/main.min.js:11)
  _recalculateScrollBar (http://www.gannett-cdn.com/uxstatic/usatoday/usat-web-static-2503.0/jsb/main.min.js:17)
  (anonymous function) (:0)
  r (http://www.gannett-cdn.com/uxstatic/usatoday/usat-web-static-2503.0/jsb/main.min.js:4)

  phantomjs://platform/console++.js:263 in error
[ERROR - 2016-09-14T11:34:10.871Z] Session [38874840-7a6e-11e6-b8cf-23af887a99c5] - page.onError - msg: TypeError: undefined is not an object (evaluating 'this.$sidebarScrollableTitles.length')

  phantomjs://platform/console++.js:263 in error
[ERROR - 2016-09-14T11:34:10.871Z] Session [38874840-7a6e-11e6-b8cf-23af887a99c5] - page.onError - stack:
  onScroll (http://www.gannett-cdn.com/uxstatic/usatoday/usat-web-static-2503.0/jsb/main.min.js:17)
  (anonymous function) (:0)
  _positionContent (http://www.gannett-cdn.com/uxstatic/usatoday/usat-web-static-2503.0/jsb/main.min.js:12)
  moveContentToPosition (http://www.gannett-cdn.com/uxstatic/usatoday/usat-web-static-2503.0/jsb/main.min.js:12)
  shiftContent (http://www.gannett-cdn.com/uxstatic/usatoday/usat-web-static-2503.0/jsb/main.min.js:11)
  refresh (http://www.gannett-cdn.com/uxstatic/usatoday/usat-web-static-2503.0/jsb/main.min.js:11)
  _recalculateScrollBar (http://www.gannett-cdn.com/uxstatic/usatoday/usat-web-static-2503.0/jsb/main.min.js:17)
  (anonymous function) (:0)
  r (http://www.gannett-cdn.com/uxstatic/usatoday/usat-web-static-2503.0/jsb/main.min.js:4)

  phantomjs://platform/console++.js:263 in error
[ERROR - 2016-09-14T11:34:40.885Z] Session [38874840-7a6e-11e6-b8cf-23af887a99c5] - page.onError - msg: TypeError: undefined is not an object (evaluating 'this.$sidebarScrollableTitles.length')

  phantomjs://platform/console++.js:263 in error
[ERROR - 2016-09-14T11:34:40.886Z] Session [38874840-7a6e-11e6-b8cf-23af887a99c5] - page.onError - stack:
  onScroll (http://www.gannett-cdn.com/uxstatic/usatoday/usat-web-static-2503.0/jsb/main.min.js:17)
  (anonymous function) (:0)
  _positionContent (http://www.gannett-cdn.com/uxstatic/usatoday/usat-web-static-2503.0/jsb/main.min.js:12)
  moveContentToPosition (http://www.gannett-cdn.com/uxstatic/usatoday/usat-web-static-2503.0/jsb/main.min.js:12)
  shiftContent (http://www.gannett-cdn.com/uxstatic/usatoday/usat-web-static-2503.0/jsb/main.min.js:11)
  refresh (http://www.gannett-cdn.com/uxstatic/usatoday/usat-web-static-2503.0/jsb/main.min.js:11)
  _recalculateScrollBar (http://www.gannett-cdn.com/uxstatic/usatoday/usat-web-static-2503.0/jsb/main.min.js:17)
  (anonymous function) (:0)
  r (http://www.gannett-cdn.com/uxstatic/usatoday/usat-web-static-2503.0/jsb/main.min.js:4)

  phantomjs://platform/console++.js:263 in error
[ERROR - 2016-09-14T11:35:10.895Z] Session [38874840-7a6e-11e6-b8cf-23af887a99c5] - page.onError - msg: TypeError: undefined is not an object (evaluating 'this.$sidebarScrollableTitles.length')

  phantomjs://platform/console++.js:263 in error
[ERROR - 2016-09-14T11:35:10.895Z] Session [38874840-7a6e-11e6-b8cf-23af887a99c5] - page.onError - stack:
  onScroll (http://www.gannett-cdn.com/uxstatic/usatoday/usat-web-static-2503.0/jsb/main.min.js:17)
  (anonymous function) (:0)
  _positionContent (http://www.gannett-cdn.com/uxstatic/usatoday/usat-web-static-2503.0/jsb/main.min.js:12)
  moveContentToPosition (http://www.gannett-cdn.com/uxstatic/usatoday/usat-web-static-2503.0/jsb/main.min.js:12)
  shiftContent (http://www.gannett-cdn.com/uxstatic/usatoday/usat-web-static-2503.0/jsb/main.min.js:11)
  refresh (http://www.gannett-cdn.com/uxstatic/usatoday/usat-web-static-2503.0/jsb/main.min.js:11)
  _recalculateScrollBar (http://www.gannett-cdn.com/uxstatic/usatoday/usat-web-static-2503.0/jsb/main.min.js:17)
  (anonymous function) (:0)
  r (http://www.gannett-cdn.com/uxstatic/usatoday/usat-web-static-2503.0/jsb/main.min.js:4)

  phantomjs://platform/console++.js:263 in error
[ERROR - 2016-09-14T11:35:37.660Z] Session [38874840-7a6e-11e6-b8cf-23af887a99c5] - page.onError - msg: TypeError: undefined is not an object (evaluating 'this.$sidebarScrollableTitles.length')

  phantomjs://platform/console++.js:263 in error
[ERROR - 2016-09-14T11:35:37.660Z] Session [38874840-7a6e-11e6-b8cf-23af887a99c5] - page.onError - stack:
  onScroll (http://www.gannett-cdn.com/uxstatic/usatoday/usat-web-static-2503.0/jsb/main.min.js:17)
  (anonymous function) (:0)
  _positionContent (http://www.gannett-cdn.com/uxstatic/usatoday/usat-web-static-2503.0/jsb/main.min.js:12)
  moveContentToPosition (http://www.gannett-cdn.com/uxstatic/usatoday/usat-web-static-2503.0/jsb/main.min.js:12)
  shiftContent (http://www.gannett-cdn.com/uxstatic/usatoday/usat-web-static-2503.0/jsb/main.min.js:11)
  refresh (http://www.gannett-cdn.com/uxstatic/usatoday/usat-web-static-2503.0/jsb/main.min.js:11)
  _recalculateScrollBar (http://www.gannett-cdn.com/uxstatic/usatoday/usat-web-static-2503.0/jsb/main.min.js:17)
  (anonymous function) (:0)
  r (http://www.gannett-cdn.com/uxstatic/usatoday/usat-web-static-2503.0/jsb/main.min.js:4)

  phantomjs://platform/console++.js:263 in error
[ERROR - 2016-09-14T11:35:40.046Z] Session [38874840-7a6e-11e6-b8cf-23af887a99c5] - page.onError - msg: TypeError: undefined is not an object (evaluating 'this.$sidebarScrollableTitles.length')

  phantomjs://platform/console++.js:263 in error
[ERROR - 2016-09-14T11:35:40.046Z] Session [38874840-7a6e-11e6-b8cf-23af887a99c5] - page.onError - stack:
  onScroll (http://www.gannett-cdn.com/uxstatic/usatoday/usat-web-static-2503.0/jsb/main.min.js:17)
  (anonymous function) (:0)
  _positionContent (http://www.gannett-cdn.com/uxstatic/usatoday/usat-web-static-2503.0/jsb/main.min.js:12)
  moveContentToPosition (http://www.gannett-cdn.com/uxstatic/usatoday/usat-web-static-2503.0/jsb/main.min.js:12)
  shiftContent (http://www.gannett-cdn.com/uxstatic/usatoday/usat-web-static-2503.0/jsb/main.min.js:11)
  refresh (http://www.gannett-cdn.com/uxstatic/usatoday/usat-web-static-2503.0/jsb/main.min.js:11)
  _recalculateScrollBar (http://www.gannett-cdn.com/uxstatic/usatoday/usat-web-static-2503.0/jsb/main.min.js:17)
  (anonymous function) (:0)
  r (http://www.gannett-cdn.com/uxstatic/usatoday/usat-web-static-2503.0/jsb/main.min.js:4)

  phantomjs://platform/console++.js:263 in error
[ERROR - 2016-09-14T11:36:07.288Z] Session [38874840-7a6e-11e6-b8cf-23af887a99c5] - page.onError - msg: TypeError: undefined is not an object (evaluating 'this.$sidebarScrollableTitles.length')

  phantomjs://platform/console++.js:263 in error
[ERROR - 2016-09-14T11:36:07.288Z] Session [38874840-7a6e-11e6-b8cf-23af887a99c5] - page.onError - stack:
  onScroll (http://www.gannett-cdn.com/uxstatic/usatoday/usat-web-static-2503.0/jsb/main.min.js:17)
  (anonymous function) (:0)
  _positionContent (http://www.gannett-cdn.com/uxstatic/usatoday/usat-web-static-2503.0/jsb/main.min.js:12)
  moveContentToPosition (http://www.gannett-cdn.com/uxstatic/usatoday/usat-web-static-2503.0/jsb/main.min.js:12)
  shiftContent (http://www.gannett-cdn.com/uxstatic/usatoday/usat-web-static-2503.0/jsb/main.min.js:11)
  refresh (http://www.gannett-cdn.com/uxstatic/usatoday/usat-web-static-2503.0/jsb/main.min.js:11)
  _recalculateScrollBar (http://www.gannett-cdn.com/uxstatic/usatoday/usat-web-static-2503.0/jsb/main.min.js:17)
  (anonymous function) (:0)
  r (http://www.gannett-cdn.com/uxstatic/usatoday/usat-web-static-2503.0/jsb/main.min.js:4)

  phantomjs://platform/console++.js:263 in error
[ERROR - 2016-09-14T11:36:37.287Z] Session [38874840-7a6e-11e6-b8cf-23af887a99c5] - page.onError - msg: TypeError: undefined is not an object (evaluating 'this.$sidebarScrollableTitles.length')

  phantomjs://platform/console++.js:263 in error
[ERROR - 2016-09-14T11:36:37.288Z] Session [38874840-7a6e-11e6-b8cf-23af887a99c5] - page.onError - stack:
  onScroll (http://www.gannett-cdn.com/uxstatic/usatoday/usat-web-static-2503.0/jsb/main.min.js:17)
  (anonymous function) (:0)
  _positionContent (http://www.gannett-cdn.com/uxstatic/usatoday/usat-web-static-2503.0/jsb/main.min.js:12)
  moveContentToPosition (http://www.gannett-cdn.com/uxstatic/usatoday/usat-web-static-2503.0/jsb/main.min.js:12)
  shiftContent (http://www.gannett-cdn.com/uxstatic/usatoday/usat-web-static-2503.0/jsb/main.min.js:11)
  refresh (http://www.gannett-cdn.com/uxstatic/usatoday/usat-web-static-2503.0/jsb/main.min.js:11)
  _recalculateScrollBar (http://www.gannett-cdn.com/uxstatic/usatoday/usat-web-static-2503.0/jsb/main.min.js:17)
  (anonymous function) (:0)
  r (http://www.gannett-cdn.com/uxstatic/usatoday/usat-web-static-2503.0/jsb/main.min.js:4)

  phantomjs://platform/console++.js:263 in error
[ERROR - 2016-09-14T11:37:07.288Z] Session [38874840-7a6e-11e6-b8cf-23af887a99c5] - page.onError - msg: TypeError: undefined is not an object (evaluating 'this.$sidebarScrollableTitles.length')

  phantomjs://platform/console++.js:263 in error
[ERROR - 2016-09-14T11:37:07.288Z] Session [38874840-7a6e-11e6-b8cf-23af887a99c5] - page.onError - stack:
  onScroll (http://www.gannett-cdn.com/uxstatic/usatoday/usat-web-static-2503.0/jsb/main.min.js:17)
  (anonymous function) (:0)
  _positionContent (http://www.gannett-cdn.com/uxstatic/usatoday/usat-web-static-2503.0/jsb/main.min.js:12)
  moveContentToPosition (http://www.gannett-cdn.com/uxstatic/usatoday/usat-web-static-2503.0/jsb/main.min.js:12)
  shiftContent (http://www.gannett-cdn.com/uxstatic/usatoday/usat-web-static-2503.0/jsb/main.min.js:11)
  refresh (http://www.gannett-cdn.com/uxstatic/usatoday/usat-web-static-2503.0/jsb/main.min.js:11)
  _recalculateScrollBar (http://www.gannett-cdn.com/uxstatic/usatoday/usat-web-static-2503.0/jsb/main.min.js:17)
  (anonymous function) (:0)
  r (http://www.gannett-cdn.com/uxstatic/usatoday/usat-web-static-2503.0/jsb/main.min.js:4)

  phantomjs://platform/console++.js:263 in error
[INFO  - 2016-09-14T11:37:29.282Z] SessionManagerReqHand - _cleanupWindowlessSessions - Asynchronous Sessions clean-up phase starting NOW
[ERROR - 2016-09-14T11:37:37.288Z] Session [38874840-7a6e-11e6-b8cf-23af887a99c5] - page.onError - msg: TypeError: undefined is not an object (evaluating 'this.$sidebarScrollableTitles.length')

  phantomjs://platform/console++.js:263 in error
[ERROR - 2016-09-14T11:37:37.289Z] Session [38874840-7a6e-11e6-b8cf-23af887a99c5] - page.onError - stack:
  onScroll (http://www.gannett-cdn.com/uxstatic/usatoday/usat-web-static-2503.0/jsb/main.min.js:17)
  (anonymous function) (:0)
  _positionContent (http://www.gannett-cdn.com/uxstatic/usatoday/usat-web-static-2503.0/jsb/main.min.js:12)
  moveContentToPosition (http://www.gannett-cdn.com/uxstatic/usatoday/usat-web-static-2503.0/jsb/main.min.js:12)
  shiftContent (http://www.gannett-cdn.com/uxstatic/usatoday/usat-web-static-2503.0/jsb/main.min.js:11)
  refresh (http://www.gannett-cdn.com/uxstatic/usatoday/usat-web-static-2503.0/jsb/main.min.js:11)
  _recalculateScrollBar (http://www.gannett-cdn.com/uxstatic/usatoday/usat-web-static-2503.0/jsb/main.min.js:17)
  (anonymous function) (:0)
  r (http://www.gannett-cdn.com/uxstatic/usatoday/usat-web-static-2503.0/jsb/main.min.js:4)

  phantomjs://platform/console++.js:263 in error
[ERROR - 2016-09-14T11:38:07.301Z] Session [38874840-7a6e-11e6-b8cf-23af887a99c5] - page.onError - msg: TypeError: undefined is not an object (evaluating 'this.$sidebarScrollableTitles.length')

  phantomjs://platform/console++.js:263 in error
[ERROR - 2016-09-14T11:38:07.301Z] Session [38874840-7a6e-11e6-b8cf-23af887a99c5] - page.onError - stack:
  onScroll (http://www.gannett-cdn.com/uxstatic/usatoday/usat-web-static-2503.0/jsb/main.min.js:17)
  (anonymous function) (:0)
  _positionContent (http://www.gannett-cdn.com/uxstatic/usatoday/usat-web-static-2503.0/jsb/main.min.js:12)
  moveContentToPosition (http://www.gannett-cdn.com/uxstatic/usatoday/usat-web-static-2503.0/jsb/main.min.js:12)
  shiftContent (http://www.gannett-cdn.com/uxstatic/usatoday/usat-web-static-2503.0/jsb/main.min.js:11)
  refresh (http://www.gannett-cdn.com/uxstatic/usatoday/usat-web-static-2503.0/jsb/main.min.js:11)
  _recalculateScrollBar (http://www.gannett-cdn.com/uxstatic/usatoday/usat-web-static-2503.0/jsb/main.min.js:17)
  (anonymous function) (:0)
  r (http://www.gannett-cdn.com/uxstatic/usatoday/usat-web-static-2503.0/jsb/main.min.js:4)

  phantomjs://platform/console++.js:263 in error
[ERROR - 2016-09-14T11:38:37.305Z] Session [38874840-7a6e-11e6-b8cf-23af887a99c5] - page.onError - msg: TypeError: undefined is not an object (evaluating 'this.$sidebarScrollableTitles.length')

  phantomjs://platform/console++.js:263 in error
[ERROR - 2016-09-14T11:38:37.305Z] Session [38874840-7a6e-11e6-b8cf-23af887a99c5] - page.onError - stack:
  onScroll (http://www.gannett-cdn.com/uxstatic/usatoday/usat-web-static-2503.0/jsb/main.min.js:17)
  (anonymous function) (:0)
  _positionContent (http://www.gannett-cdn.com/uxstatic/usatoday/usat-web-static-2503.0/jsb/main.min.js:12)
  moveContentToPosition (http://www.gannett-cdn.com/uxstatic/usatoday/usat-web-static-2503.0/jsb/main.min.js:12)
  shiftContent (http://www.gannett-cdn.com/uxstatic/usatoday/usat-web-static-2503.0/jsb/main.min.js:11)
  refresh (http://www.gannett-cdn.com/uxstatic/usatoday/usat-web-static-2503.0/jsb/main.min.js:11)
  _recalculateScrollBar (http://www.gannett-cdn.com/uxstatic/usatoday/usat-web-static-2503.0/jsb/main.min.js:17)
  (anonymous function) (:0)
  r (http://www.gannett-cdn.com/uxstatic/usatoday/usat-web-static-2503.0/jsb/main.min.js:4)

  phantomjs://platform/console++.js:263 in error
[ERROR - 2016-09-14T11:39:07.307Z] Session [38874840-7a6e-11e6-b8cf-23af887a99c5] - page.onError - msg: TypeError: undefined is not an object (evaluating 'this.$sidebarScrollableTitles.length')

  phantomjs://platform/console++.js:263 in error
[ERROR - 2016-09-14T11:39:07.307Z] Session [38874840-7a6e-11e6-b8cf-23af887a99c5] - page.onError - stack:
  onScroll (http://www.gannett-cdn.com/uxstatic/usatoday/usat-web-static-2503.0/jsb/main.min.js:17)
  (anonymous function) (:0)
  _positionContent (http://www.gannett-cdn.com/uxstatic/usatoday/usat-web-static-2503.0/jsb/main.min.js:12)
  moveContentToPosition (http://www.gannett-cdn.com/uxstatic/usatoday/usat-web-static-2503.0/jsb/main.min.js:12)
  shiftContent (http://www.gannett-cdn.com/uxstatic/usatoday/usat-web-static-2503.0/jsb/main.min.js:11)
  refresh (http://www.gannett-cdn.com/uxstatic/usatoday/usat-web-static-2503.0/jsb/main.min.js:11)
  _recalculateScrollBar (http://www.gannett-cdn.com/uxstatic/usatoday/usat-web-static-2503.0/jsb/main.min.js:17)
  (anonymous function) (:0)
  r (http://www.gannett-cdn.com/uxstatic/usatoday/usat-web-static-2503.0/jsb/main.min.js:4)

  phantomjs://platform/console++.js:263 in error
[ERROR - 2016-09-14T11:39:37.298Z] Session [38874840-7a6e-11e6-b8cf-23af887a99c5] - page.onError - msg: TypeError: undefined is not an object (evaluating 'this.$sidebarScrollableTitles.length')

  phantomjs://platform/console++.js:263 in error
[ERROR - 2016-09-14T11:39:37.298Z] Session [38874840-7a6e-11e6-b8cf-23af887a99c5] - page.onError - stack:
  onScroll (http://www.gannett-cdn.com/uxstatic/usatoday/usat-web-static-2503.0/jsb/main.min.js:17)
  (anonymous function) (:0)
  _positionContent (http://www.gannett-cdn.com/uxstatic/usatoday/usat-web-static-2503.0/jsb/main.min.js:12)
  moveContentToPosition (http://www.gannett-cdn.com/uxstatic/usatoday/usat-web-static-2503.0/jsb/main.min.js:12)
  shiftContent (http://www.gannett-cdn.com/uxstatic/usatoday/usat-web-static-2503.0/jsb/main.min.js:11)
  refresh (http://www.gannett-cdn.com/uxstatic/usatoday/usat-web-static-2503.0/jsb/main.min.js:11)
  _recalculateScrollBar (http://www.gannett-cdn.com/uxstatic/usatoday/usat-web-static-2503.0/jsb/main.min.js:17)
  (anonymous function) (:0)
  r (http://www.gannett-cdn.com/uxstatic/usatoday/usat-web-static-2503.0/jsb/main.min.js:4)

  phantomjs://platform/console++.js:263 in error
[ERROR - 2016-09-14T11:40:07.313Z] Session [38874840-7a6e-11e6-b8cf-23af887a99c5] - page.onError - msg: TypeError: undefined is not an object (evaluating 'this.$sidebarScrollableTitles.length')

  phantomjs://platform/console++.js:263 in error
[ERROR - 2016-09-14T11:40:07.313Z] Session [38874840-7a6e-11e6-b8cf-23af887a99c5] - page.onError - stack:
  onScroll (http://www.gannett-cdn.com/uxstatic/usatoday/usat-web-static-2503.0/jsb/main.min.js:17)
  (anonymous function) (:0)
  _positionContent (http://www.gannett-cdn.com/uxstatic/usatoday/usat-web-static-2503.0/jsb/main.min.js:12)
  moveContentToPosition (http://www.gannett-cdn.com/uxstatic/usatoday/usat-web-static-2503.0/jsb/main.min.js:12)
  shiftContent (http://www.gannett-cdn.com/uxstatic/usatoday/usat-web-static-2503.0/jsb/main.min.js:11)
  refresh (http://www.gannett-cdn.com/uxstatic/usatoday/usat-web-static-2503.0/jsb/main.min.js:11)
  _recalculateScrollBar (http://www.gannett-cdn.com/uxstatic/usatoday/usat-web-static-2503.0/jsb/main.min.js:17)
  (anonymous function) (:0)
  r (http://www.gannett-cdn.com/uxstatic/usatoday/usat-web-static-2503.0/jsb/main.min.js:4)

  phantomjs://platform/console++.js:263 in error
[ERROR - 2016-09-14T11:40:37.312Z] Session [38874840-7a6e-11e6-b8cf-23af887a99c5] - page.onError - msg: TypeError: undefined is not an object (evaluating 'this.$sidebarScrollableTitles.length')

  phantomjs://platform/console++.js:263 in error
[ERROR - 2016-09-14T11:40:37.312Z] Session [38874840-7a6e-11e6-b8cf-23af887a99c5] - page.onError - stack:
  onScroll (http://www.gannett-cdn.com/uxstatic/usatoday/usat-web-static-2503.0/jsb/main.min.js:17)
  (anonymous function) (:0)
  _positionContent (http://www.gannett-cdn.com/uxstatic/usatoday/usat-web-static-2503.0/jsb/main.min.js:12)
  moveContentToPosition (http://www.gannett-cdn.com/uxstatic/usatoday/usat-web-static-2503.0/jsb/main.min.js:12)
  shiftContent (http://www.gannett-cdn.com/uxstatic/usatoday/usat-web-static-2503.0/jsb/main.min.js:11)
  refresh (http://www.gannett-cdn.com/uxstatic/usatoday/usat-web-static-2503.0/jsb/main.min.js:11)
  _recalculateScrollBar (http://www.gannett-cdn.com/uxstatic/usatoday/usat-web-static-2503.0/jsb/main.min.js:17)
  (anonymous function) (:0)
  r (http://www.gannett-cdn.com/uxstatic/usatoday/usat-web-static-2503.0/jsb/main.min.js:4)

  phantomjs://platform/console++.js:263 in error
[ERROR - 2016-09-14T11:41:07.334Z] Session [38874840-7a6e-11e6-b8cf-23af887a99c5] - page.onError - msg: TypeError: undefined is not an object (evaluating 'this.$sidebarScrollableTitles.length')

  phantomjs://platform/console++.js:263 in error
[ERROR - 2016-09-14T11:41:07.334Z] Session [38874840-7a6e-11e6-b8cf-23af887a99c5] - page.onError - stack:
  onScroll (http://www.gannett-cdn.com/uxstatic/usatoday/usat-web-static-2503.0/jsb/main.min.js:17)
  (anonymous function) (:0)
  _positionContent (http://www.gannett-cdn.com/uxstatic/usatoday/usat-web-static-2503.0/jsb/main.min.js:12)
  moveContentToPosition (http://www.gannett-cdn.com/uxstatic/usatoday/usat-web-static-2503.0/jsb/main.min.js:12)
  shiftContent (http://www.gannett-cdn.com/uxstatic/usatoday/usat-web-static-2503.0/jsb/main.min.js:11)
  refresh (http://www.gannett-cdn.com/uxstatic/usatoday/usat-web-static-2503.0/jsb/main.min.js:11)
  _recalculateScrollBar (http://www.gannett-cdn.com/uxstatic/usatoday/usat-web-static-2503.0/jsb/main.min.js:17)
  (anonymous function) (:0)
  r (http://www.gannett-cdn.com/uxstatic/usatoday/usat-web-static-2503.0/jsb/main.min.js:4)

  phantomjs://platform/console++.js:263 in error
[ERROR - 2016-09-14T11:41:37.340Z] Session [38874840-7a6e-11e6-b8cf-23af887a99c5] - page.onError - msg: TypeError: undefined is not an object (evaluating 'this.$sidebarScrollableTitles.length')

  phantomjs://platform/console++.js:263 in error
[ERROR - 2016-09-14T11:41:37.341Z] Session [38874840-7a6e-11e6-b8cf-23af887a99c5] - page.onError - stack:
  onScroll (http://www.gannett-cdn.com/uxstatic/usatoday/usat-web-static-2503.0/jsb/main.min.js:17)
  (anonymous function) (:0)
  _positionContent (http://www.gannett-cdn.com/uxstatic/usatoday/usat-web-static-2503.0/jsb/main.min.js:12)
  moveContentToPosition (http://www.gannett-cdn.com/uxstatic/usatoday/usat-web-static-2503.0/jsb/main.min.js:12)
  shiftContent (http://www.gannett-cdn.com/uxstatic/usatoday/usat-web-static-2503.0/jsb/main.min.js:11)
  refresh (http://www.gannett-cdn.com/uxstatic/usatoday/usat-web-static-2503.0/jsb/main.min.js:11)
  _recalculateScrollBar (http://www.gannett-cdn.com/uxstatic/usatoday/usat-web-static-2503.0/jsb/main.min.js:17)
  (anonymous function) (:0)
  r (http://www.gannett-cdn.com/uxstatic/usatoday/usat-web-static-2503.0/jsb/main.min.js:4)

  phantomjs://platform/console++.js:263 in error
[ERROR - 2016-09-14T11:42:07.336Z] Session [38874840-7a6e-11e6-b8cf-23af887a99c5] - page.onError - msg: TypeError: undefined is not an object (evaluating 'this.$sidebarScrollableTitles.length')

  phantomjs://platform/console++.js:263 in error
[ERROR - 2016-09-14T11:42:07.336Z] Session [38874840-7a6e-11e6-b8cf-23af887a99c5] - page.onError - stack:
  onScroll (http://www.gannett-cdn.com/uxstatic/usatoday/usat-web-static-2503.0/jsb/main.min.js:17)
  (anonymous function) (:0)
  _positionContent (http://www.gannett-cdn.com/uxstatic/usatoday/usat-web-static-2503.0/jsb/main.min.js:12)
  moveContentToPosition (http://www.gannett-cdn.com/uxstatic/usatoday/usat-web-static-2503.0/jsb/main.min.js:12)
  shiftContent (http://www.gannett-cdn.com/uxstatic/usatoday/usat-web-static-2503.0/jsb/main.min.js:11)
  refresh (http://www.gannett-cdn.com/uxstatic/usatoday/usat-web-static-2503.0/jsb/main.min.js:11)
  _recalculateScrollBar (http://www.gannett-cdn.com/uxstatic/usatoday/usat-web-static-2503.0/jsb/main.min.js:17)
  (anonymous function) (:0)
  r (http://www.gannett-cdn.com/uxstatic/usatoday/usat-web-static-2503.0/jsb/main.min.js:4)

  phantomjs://platform/console++.js:263 in error
[INFO  - 2016-09-14T11:42:29.293Z] SessionManagerReqHand - _cleanupWindowlessSessions - Asynchronous Sessions clean-up phase starting NOW
[ERROR - 2016-09-14T11:42:37.417Z] Session [38874840-7a6e-11e6-b8cf-23af887a99c5] - page.onError - msg: TypeError: undefined is not an object (evaluating 'this.$sidebarScrollableTitles.length')

  phantomjs://platform/console++.js:263 in error
[ERROR - 2016-09-14T11:42:37.417Z] Session [38874840-7a6e-11e6-b8cf-23af887a99c5] - page.onError - stack:
  onScroll (http://www.gannett-cdn.com/uxstatic/usatoday/usat-web-static-2503.0/jsb/main.min.js:17)
  (anonymous function) (:0)
  _positionContent (http://www.gannett-cdn.com/uxstatic/usatoday/usat-web-static-2503.0/jsb/main.min.js:12)
  moveContentToPosition (http://www.gannett-cdn.com/uxstatic/usatoday/usat-web-static-2503.0/jsb/main.min.js:12)
  shiftContent (http://www.gannett-cdn.com/uxstatic/usatoday/usat-web-static-2503.0/jsb/main.min.js:11)
  refresh (http://www.gannett-cdn.com/uxstatic/usatoday/usat-web-static-2503.0/jsb/main.min.js:11)
  _recalculateScrollBar (http://www.gannett-cdn.com/uxstatic/usatoday/usat-web-static-2503.0/jsb/main.min.js:17)
  (anonymous function) (:0)
  r (http://www.gannett-cdn.com/uxstatic/usatoday/usat-web-static-2503.0/jsb/main.min.js:4)

  phantomjs://platform/console++.js:263 in error
[ERROR - 2016-09-14T11:43:07.350Z] Session [38874840-7a6e-11e6-b8cf-23af887a99c5] - page.onError - msg: TypeError: undefined is not an object (evaluating 'this.$sidebarScrollableTitles.length')

  phantomjs://platform/console++.js:263 in error
[ERROR - 2016-09-14T11:43:07.350Z] Session [38874840-7a6e-11e6-b8cf-23af887a99c5] - page.onError - stack:
  onScroll (http://www.gannett-cdn.com/uxstatic/usatoday/usat-web-static-2503.0/jsb/main.min.js:17)
  (anonymous function) (:0)
  _positionContent (http://www.gannett-cdn.com/uxstatic/usatoday/usat-web-static-2503.0/jsb/main.min.js:12)
  moveContentToPosition (http://www.gannett-cdn.com/uxstatic/usatoday/usat-web-static-2503.0/jsb/main.min.js:12)
  shiftContent (http://www.gannett-cdn.com/uxstatic/usatoday/usat-web-static-2503.0/jsb/main.min.js:11)
  refresh (http://www.gannett-cdn.com/uxstatic/usatoday/usat-web-static-2503.0/jsb/main.min.js:11)
  _recalculateScrollBar (http://www.gannett-cdn.com/uxstatic/usatoday/usat-web-static-2503.0/jsb/main.min.js:17)
  (anonymous function) (:0)
  r (http://www.gannett-cdn.com/uxstatic/usatoday/usat-web-static-2503.0/jsb/main.min.js:4)

  phantomjs://platform/console++.js:263 in error
[ERROR - 2016-09-14T11:43:38.310Z] Session [38874840-7a6e-11e6-b8cf-23af887a99c5] - page.onError - msg: TypeError: undefined is not an object (evaluating 'this.$sidebarScrollableTitles.length')

  phantomjs://platform/console++.js:263 in error
[ERROR - 2016-09-14T11:43:38.310Z] Session [38874840-7a6e-11e6-b8cf-23af887a99c5] - page.onError - stack:
  onScroll (http://www.gannett-cdn.com/uxstatic/usatoday/usat-web-static-2503.0/jsb/main.min.js:17)
  (anonymous function) (:0)
  _positionContent (http://www.gannett-cdn.com/uxstatic/usatoday/usat-web-static-2503.0/jsb/main.min.js:12)
  moveContentToPosition (http://www.gannett-cdn.com/uxstatic/usatoday/usat-web-static-2503.0/jsb/main.min.js:12)
  shiftContent (http://www.gannett-cdn.com/uxstatic/usatoday/usat-web-static-2503.0/jsb/main.min.js:11)
  refresh (http://www.gannett-cdn.com/uxstatic/usatoday/usat-web-static-2503.0/jsb/main.min.js:11)
  _recalculateScrollBar (http://www.gannett-cdn.com/uxstatic/usatoday/usat-web-static-2503.0/jsb/main.min.js:17)
  (anonymous function) (:0)
  r (http://www.gannett-cdn.com/uxstatic/usatoday/usat-web-static-2503.0/jsb/main.min.js:4)

  phantomjs://platform/console++.js:263 in error
[ERROR - 2016-09-14T11:43:41.720Z] Session [38874840-7a6e-11e6-b8cf-23af887a99c5] - page.onError - msg: TypeError: undefined is not an object (evaluating 'this.$sidebarScrollableTitles.length')

  phantomjs://platform/console++.js:263 in error
[ERROR - 2016-09-14T11:43:41.720Z] Session [38874840-7a6e-11e6-b8cf-23af887a99c5] - page.onError - stack:
  onScroll (http://www.gannett-cdn.com/uxstatic/usatoday/usat-web-static-2503.0/jsb/main.min.js:17)
  (anonymous function) (:0)
  _positionContent (http://www.gannett-cdn.com/uxstatic/usatoday/usat-web-static-2503.0/jsb/main.min.js:12)
  moveContentToPosition (http://www.gannett-cdn.com/uxstatic/usatoday/usat-web-static-2503.0/jsb/main.min.js:12)
  shiftContent (http://www.gannett-cdn.com/uxstatic/usatoday/usat-web-static-2503.0/jsb/main.min.js:11)
  refresh (http://www.gannett-cdn.com/uxstatic/usatoday/usat-web-static-2503.0/jsb/main.min.js:11)
  _recalculateScrollBar (http://www.gannett-cdn.com/uxstatic/usatoday/usat-web-static-2503.0/jsb/main.min.js:17)
  (anonymous function) (:0)
  r (http://www.gannett-cdn.com/uxstatic/usatoday/usat-web-static-2503.0/jsb/main.min.js:4)

  phantomjs://platform/console++.js:263 in error
[ERROR - 2016-09-14T11:44:08.389Z] Session [38874840-7a6e-11e6-b8cf-23af887a99c5] - page.onError - msg: TypeError: undefined is not an object (evaluating 'this.$sidebarScrollableTitles.length')

  phantomjs://platform/console++.js:263 in error
[ERROR - 2016-09-14T11:44:08.389Z] Session [38874840-7a6e-11e6-b8cf-23af887a99c5] - page.onError - stack:
  onScroll (http://www.gannett-cdn.com/uxstatic/usatoday/usat-web-static-2503.0/jsb/main.min.js:17)
  (anonymous function) (:0)
  _positionContent (http://www.gannett-cdn.com/uxstatic/usatoday/usat-web-static-2503.0/jsb/main.min.js:12)
  moveContentToPosition (http://www.gannett-cdn.com/uxstatic/usatoday/usat-web-static-2503.0/jsb/main.min.js:12)
  shiftContent (http://www.gannett-cdn.com/uxstatic/usatoday/usat-web-static-2503.0/jsb/main.min.js:11)
  refresh (http://www.gannett-cdn.com/uxstatic/usatoday/usat-web-static-2503.0/jsb/main.min.js:11)
  _recalculateScrollBar (http://www.gannett-cdn.com/uxstatic/usatoday/usat-web-static-2503.0/jsb/main.min.js:17)
  (anonymous function) (:0)
  r (http://www.gannett-cdn.com/uxstatic/usatoday/usat-web-static-2503.0/jsb/main.min.js:4)

  phantomjs://platform/console++.js:263 in error
[ERROR - 2016-09-14T11:44:38.358Z] Session [38874840-7a6e-11e6-b8cf-23af887a99c5] - page.onError - msg: TypeError: undefined is not an object (evaluating 'this.$sidebarScrollableTitles.length')

  phantomjs://platform/console++.js:263 in error
[ERROR - 2016-09-14T11:44:38.358Z] Session [38874840-7a6e-11e6-b8cf-23af887a99c5] - page.onError - stack:
  onScroll (http://www.gannett-cdn.com/uxstatic/usatoday/usat-web-static-2503.0/jsb/main.min.js:17)
  (anonymous function) (:0)
  _positionContent (http://www.gannett-cdn.com/uxstatic/usatoday/usat-web-static-2503.0/jsb/main.min.js:12)
  moveContentToPosition (http://www.gannett-cdn.com/uxstatic/usatoday/usat-web-static-2503.0/jsb/main.min.js:12)
  shiftContent (http://www.gannett-cdn.com/uxstatic/usatoday/usat-web-static-2503.0/jsb/main.min.js:11)
  refresh (http://www.gannett-cdn.com/uxstatic/usatoday/usat-web-static-2503.0/jsb/main.min.js:11)
  _recalculateScrollBar (http://www.gannett-cdn.com/uxstatic/usatoday/usat-web-static-2503.0/jsb/main.min.js:17)
  (anonymous function) (:0)
  r (http://www.gannett-cdn.com/uxstatic/usatoday/usat-web-static-2503.0/jsb/main.min.js:4)

  phantomjs://platform/console++.js:263 in error
[ERROR - 2016-09-14T11:45:08.396Z] Session [38874840-7a6e-11e6-b8cf-23af887a99c5] - page.onError - msg: TypeError: undefined is not an object (evaluating 'this.$sidebarScrollableTitles.length')

  phantomjs://platform/console++.js:263 in error
[ERROR - 2016-09-14T11:45:08.396Z] Session [38874840-7a6e-11e6-b8cf-23af887a99c5] - page.onError - stack:
  onScroll (http://www.gannett-cdn.com/uxstatic/usatoday/usat-web-static-2503.0/jsb/main.min.js:17)
  (anonymous function) (:0)
  _positionContent (http://www.gannett-cdn.com/uxstatic/usatoday/usat-web-static-2503.0/jsb/main.min.js:12)
  moveContentToPosition (http://www.gannett-cdn.com/uxstatic/usatoday/usat-web-static-2503.0/jsb/main.min.js:12)
  shiftContent (http://www.gannett-cdn.com/uxstatic/usatoday/usat-web-static-2503.0/jsb/main.min.js:11)
  refresh (http://www.gannett-cdn.com/uxstatic/usatoday/usat-web-static-2503.0/jsb/main.min.js:11)
  _recalculateScrollBar (http://www.gannett-cdn.com/uxstatic/usatoday/usat-web-static-2503.0/jsb/main.min.js:17)
  (anonymous function) (:0)
  r (http://www.gannett-cdn.com/uxstatic/usatoday/usat-web-static-2503.0/jsb/main.min.js:4)

  phantomjs://platform/console++.js:263 in error
[ERROR - 2016-09-14T11:45:38.409Z] Session [38874840-7a6e-11e6-b8cf-23af887a99c5] - page.onError - msg: TypeError: undefined is not an object (evaluating 'this.$sidebarScrollableTitles.length')

  phantomjs://platform/console++.js:263 in error
[ERROR - 2016-09-14T11:45:38.410Z] Session [38874840-7a6e-11e6-b8cf-23af887a99c5] - page.onError - stack:
  onScroll (http://www.gannett-cdn.com/uxstatic/usatoday/usat-web-static-2503.0/jsb/main.min.js:17)
  (anonymous function) (:0)
  _positionContent (http://www.gannett-cdn.com/uxstatic/usatoday/usat-web-static-2503.0/jsb/main.min.js:12)
  moveContentToPosition (http://www.gannett-cdn.com/uxstatic/usatoday/usat-web-static-2503.0/jsb/main.min.js:12)
  shiftContent (http://www.gannett-cdn.com/uxstatic/usatoday/usat-web-static-2503.0/jsb/main.min.js:11)
  refresh (http://www.gannett-cdn.com/uxstatic/usatoday/usat-web-static-2503.0/jsb/main.min.js:11)
  _recalculateScrollBar (http://www.gannett-cdn.com/uxstatic/usatoday/usat-web-static-2503.0/jsb/main.min.js:17)
  (anonymous function) (:0)
  r (http://www.gannett-cdn.com/uxstatic/usatoday/usat-web-static-2503.0/jsb/main.min.js:4)

  phantomjs://platform/console++.js:263 in error
[ERROR - 2016-09-14T11:46:08.403Z] Session [38874840-7a6e-11e6-b8cf-23af887a99c5] - page.onError - msg: TypeError: undefined is not an object (evaluating 'this.$sidebarScrollableTitles.length')

  phantomjs://platform/console++.js:263 in error
[ERROR - 2016-09-14T11:46:08.403Z] Session [38874840-7a6e-11e6-b8cf-23af887a99c5] - page.onError - stack:
  onScroll (http://www.gannett-cdn.com/uxstatic/usatoday/usat-web-static-2503.0/jsb/main.min.js:17)
  (anonymous function) (:0)
  _positionContent (http://www.gannett-cdn.com/uxstatic/usatoday/usat-web-static-2503.0/jsb/main.min.js:12)
  moveContentToPosition (http://www.gannett-cdn.com/uxstatic/usatoday/usat-web-static-2503.0/jsb/main.min.js:12)
  shiftContent (http://www.gannett-cdn.com/uxstatic/usatoday/usat-web-static-2503.0/jsb/main.min.js:11)
  refresh (http://www.gannett-cdn.com/uxstatic/usatoday/usat-web-static-2503.0/jsb/main.min.js:11)
  _recalculateScrollBar (http://www.gannett-cdn.com/uxstatic/usatoday/usat-web-static-2503.0/jsb/main.min.js:17)
  (anonymous function) (:0)
  r (http://www.gannett-cdn.com/uxstatic/usatoday/usat-web-static-2503.0/jsb/main.min.js:4)

  phantomjs://platform/console++.js:263 in error
                                                                                                                                                                                                                                                                                                                                                                                                                                                                                                                                                                                                                                                                                                                                                                                                                                                                                                                                                                             [INFO  - 2016-09-14T11:31:05.922Z] SessionManagerReqHand - _cleanupWindowlessSessions - Asynchronous Sessions clean-up phase starting NOW
[INFO  - 2016-09-14T11:36:05.934Z] SessionManagerReqHand - _cleanupWindowlessSessions - Asynchronous Sessions clean-up phase starting NOW
[INFO  - 2016-09-14T11:41:05.946Z] SessionManagerReqHand - _cleanupWindowlessSessions - Asynchronous Sessions clean-up phase starting NOW
[INFO  - 2016-09-14T11:46:05.957Z] SessionManagerReqHand - _cleanupWindowlessSessions - Asynchronous Sessions clean-up phase starting NOW
